<?xml version="1.0" encoding="UTF-8"?>
<!-- Generated by org.testng.reporters.JUnitReportReporter -->
<testsuite hostname="DESKTOP-R7F4RG8" failures="0" tests="8" name="Tests.Login" time="21.805" errors="0" timestamp="2023-05-30T07:32:57 IST" skipped="4">
  <testcase classname="Tests.Login" name="login" time="5.484"/>
  <system-out/>
  <testcase classname="Tests.Login" name="login" time="3.974"/>
  <system-out/>
  <testcase classname="Tests.Login" name="login" time="5.143"/>
  <system-out/>
  <testcase classname="Tests.Login" name="login" time="7.204"/>
  <system-out/>
  <testcase classname="Tests.Login" name="loginWithWrongPass">
    <skipped/>
  </testcase> <!-- loginWithWrongPass -->
  <system-out/>
  <testcase classname="Tests.Login" name="loginWithValidCred">
    <skipped/>
  </testcase> <!-- loginWithValidCred -->
  <system-out/>
  <testcase classname="Tests.Login" name="loginWithInvalidCred">
    <skipped/>
  </testcase> <!-- loginWithInvalidCred -->
  <system-out/>
  <testcase classname="Tests.Login" name="loginWithoutCred">
    <skipped/>
  </testcase> <!-- loginWithoutCred -->
  <system-out/>
</testsuite> <!-- Tests.Login -->
